
> adminthickwire@1.0.0 dev
> next dev -p 3002

  ▲ Next.js 14.2.35
  - Local:        http://localhost:3002

 ✓ Starting...
 ✓ Ready in 1423ms
 ○ Compiling /login ...
 ✓ Compiled /login in 1769ms (647 modules)
 GET /login 200 in 1934ms
 ○ Compiling /_not-found ...
 ✓ Compiled /_not-found in 710ms (636 modules)
 GET /robots.txt 404 in 788ms
 ○ Compiling / ...
 ✓ Compiled / in 1424ms (1723 modules)
 ○ Compiling /coupons ...
 ✓ Compiled /coupons in 673ms (1726 modules)
 GET /coupons 200 in 846ms
 ✓ Compiled /_not-found in 206ms (1729 modules)
 GET /robots.txt 404 in 297ms
 ○ Compiling /subscriptions ...
 ✓ Compiled /subscriptions in 921ms (1728 modules)
 GET /subscriptions 200 in 197ms
 ○ Compiling /_not-found ...
 ✓ Compiled /_not-found in 699ms (1731 modules)
 GET /robots.txt 404 in 758ms
 ✓ Compiled /coupons in 284ms (907 modules)
 ○ Compiling /reports ...
 ✓ Compiled /reports in 1395ms (1745 modules)
 ○ Compiling /customers ...
 ✓ Compiled /customers in 669ms (1748 modules)
 ✓ Compiled /orders in 295ms (1750 modules)
 ✓ Compiled /inventory in 249ms (1756 modules)
 ✓ Compiled /plans in 302ms (1762 modules)
 ✓ Compiled /services in 361ms (1761 modules)
 ✓ Compiled / in 207ms (928 modules)
 GET / 200 in 6014ms
 ○ Compiling /_not-found ...
 ✓ Compiled /_not-found in 6.4s (1759 modules)
 GET /robots.txt 404 in 7144ms
 ○ Compiling /login ...
 ✓ Compiled /login in 3.6s (921 modules)
 GET /login 200 in 2119ms
 GET /robots.txt 404 in 229ms
 GET /login 200 in 924ms
 GET /robots.txt 404 in 1916ms
 GET /login 200 in 401ms
 GET /robots.txt 404 in 186ms
 GET /signup 404 in 289ms
 GET /robots.txt 404 in 83ms
 ✓ Compiled in 5.1s (1750 modules)
 GET / 200 in 1207ms
 ○ Compiling /_not-found ...
 ✓ Compiled /_not-found in 686ms (1753 modules)
 GET /robots.txt 404 in 753ms
 ✓ Compiled /services in 253ms (915 modules)
 ○ Compiling /support ...
 ⨯ ./src/app/(dashboard)/support/page.tsx:5:1
Module not found: Can't resolve 'lucide-react'
[0m [90m 3 |[39m [36mimport[39m { useState[33m,[39m useEffect } [36mfrom[39m [32m'react'[39m[33m;[39m[0m
[0m [90m 4 |[39m [36mimport[39m api [36mfrom[39m [32m'@/lib/api'[39m[33m;[39m[0m
[0m[31m[1m>[22m[39m[90m 5 |[39m [36mimport[39m { [33mMail[39m[33m,[39m [33mSearch[39m[33m,[39m [33mClock[39m[33m,[39m [33mCheckCircle2[39m[33m,[39m [33mChevronRight[39m[33m,[39m [33mReply[39m[33m,[39m [33mRefreshCw[39m[33m,[39m [33mLoader2[39m[33m,[39m [33mUser[39m[33m,[39m [33mHelpCircle[39m } [36mfrom[39m [32m'lucide-react'[39m[33m;[39m[0m
[0m [90m   |[39m [31m[1m^[22m[39m[0m
[0m [90m 6 |[39m [36mimport[39m { useAuth } [36mfrom[39m [32m'@/contexts/AuthContext'[39m[33m;[39m[0m
[0m [90m 7 |[39m[0m
[0m [90m 8 |[39m [36minterface[39m [33mSupportTicket[39m {[0m

https://nextjs.org/docs/messages/module-not-found
 ⨯ ./src/app/(dashboard)/support/page.tsx:5:1
Module not found: Can't resolve 'lucide-react'
[0m [90m 3 |[39m [36mimport[39m { useState[33m,[39m useEffect } [36mfrom[39m [32m'react'[39m[33m;[39m[0m
[0m [90m 4 |[39m [36mimport[39m api [36mfrom[39m [32m'@/lib/api'[39m[33m;[39m[0m
[0m[31m[1m>[22m[39m[90m 5 |[39m [36mimport[39m { [33mMail[39m[33m,[39m [33mSearch[39m[33m,[39m [33mClock[39m[33m,[39m [33mCheckCircle2[39m[33m,[39m [33mChevronRight[39m[33m,[39m [33mReply[39m[33m,[39m [33mRefreshCw[39m[33m,[39m [33mLoader2[39m[33m,[39m [33mUser[39m[33m,[39m [33mHelpCircle[39m } [36mfrom[39m [32m'lucide-react'[39m[33m;[39m[0m
[0m [90m   |[39m [31m[1m^[22m[39m[0m
[0m [90m 6 |[39m [36mimport[39m { useAuth } [36mfrom[39m [32m'@/contexts/AuthContext'[39m[33m;[39m[0m
[0m [90m 7 |[39m[0m
[0m [90m 8 |[39m [36minterface[39m [33mSupportTicket[39m {[0m

https://nextjs.org/docs/messages/module-not-found
 GET /support 500 in 6ms
 GET /robots.txt 500 in 6ms
 ✓ Compiled /_error in 743ms (1995 modules)
 ✓ Compiled /_not-found in 150ms (1998 modules)
 ⚠ Fast Refresh had to perform a full reload due to a runtime error.
 GET /_next/static/webpack/44e41889789590f5.webpack.hot-update.json 404 in 232ms
 ✓ Compiled /support in 155ms (972 modules)
 GET /support 200 in 235ms
 GET /robots.txt 404 in 11ms
 ✓ Compiled /reports in 356ms (956 modules)
 ✓ Compiled /support in 121ms (977 modules)
 ✓ Compiled /orders in 163ms (977 modules)
 ✓ Compiled /customers in 129ms (981 modules)
 ✓ Compiled /subscriptions in 155ms (981 modules)
 ✓ Compiled /coupons in 136ms (985 modules)
 GET /login 200 in 139ms
 ○ Compiling /_not-found ...
 ✓ Compiled /_not-found in 782ms (2033 modules)
 GET /robots.txt 404 in 895ms
 ○ Compiling /settings ...
 ✓ Compiled /settings in 1565ms (2018 modules)
 ✓ Compiled /users in 340ms (2024 modules)
 ✓ Compiled in 579ms (2020 modules)
 ✓ Compiled /customers in 153ms (975 modules)
 ✓ Compiled /reports in 241ms (977 modules)
 ✓ Compiled in 2.9s (1054 modules)
 ✓ Compiled in 1137ms (1053 modules)
 ✓ Compiled in 807ms (2034 modules)
